<?xml version="1.0" encoding="UTF-8"?>
<testsuite xmlns:xsi="http://www.w3.org/2001/XMLSchema-instance" xsi:noNamespaceSchemaLocation="https://maven.apache.org/surefire/maven-surefire-plugin/xsd/surefire-test-report.xsd" name="TestSuite" time="7.432" tests="3" errors="0" skipped="2" failures="1">
  <properties>
[...]
</properties>
  <testcase name="beforeTest" classname="TestSelenium.NewTest" time="7.026">
    <failure message="session not created: This version of ChromeDriver only supports Chrome version 75&#10;Build info: version: &apos;3.141.59&apos;, revision: &apos;e82be7d358&apos;, time: &apos;2018-11-14T08:17:03&apos;&#10;System info: host: &apos;DESKTOP-MUB2253&apos;, ip: &apos;192.168.0.3&apos;, os.name: &apos;Windows 10&apos;, os.arch: &apos;amd64&apos;, os.version: &apos;10.0&apos;, java.version: &apos;1.8.0_251&apos;&#10;Driver info: driver.version: ChromeDriver&#10;remote stacktrace: Backtrace:&#10;	Ordinal0 [0x00631B23+1448739]&#10;	Ordinal0 [0x005B5A11+940561]&#10;	Ordinal0 [0x00542293+467603]&#10;	Ordinal0 [0x004DF27E+62078]&#10;	Ordinal0 [0x004DBBBD+48061]&#10;	Ordinal0 [0x004F8D19+167193]&#10;	Ordinal0 [0x004F88ED+166125]&#10;	Ordinal0 [0x004F6FFB+159739]&#10;	Ordinal0 [0x004E09F6+68086]&#10;	Ordinal0 [0x004E1990+72080]&#10;	Ordinal0 [0x004E1929+71977]&#10;	GetHandleVerifier [0x00772E4C+1172140]&#10;	GetHandleVerifier [0x006CFE35+504469]&#10;	GetHandleVerifier [0x006CFBD0+503856]&#10;	Ordinal0 [0x0063C9A8+1493416]&#10;	GetHandleVerifier [0x006D060A+506474]&#10;	Ordinal0 [0x005C7136+1012022]&#10;	Ordinal0 [0x005C6FAF+1011631]&#10;	Ordinal0 [0x005D133B+1053499]&#10;	Ordinal0 [0x005D14A3+1053859]&#10;	Ordinal0 [0x005D04D5+1049813]&#10;	BaseThreadInitThunk [0x778AFA29+25]&#10;	RtlGetAppContainerNamedObjectPath [0x77CD75F4+228]&#10;	RtlGetAppContainerNamedObjectPath [0x77CD75C4+180]&#10;" type="org.openqa.selenium.SessionNotCreatedException">org.openqa.selenium.SessionNotCreatedException: 
session not created: This version of ChromeDriver only supports Chrome version 75
Build info: version: '3.141.59', revision: 'e82be7d358', time: '2018-11-14T08:17:03'
System info: host: 'DESKTOP-MUB2253', ip: '192.168.0.3', os.name: 'Windows 10', os.arch: 'amd64', os.version: '10.0', java.version: '1.8.0_251'
Driver info: driver.version: ChromeDriver
remote stacktrace: Backtrace:
	Ordinal0 [0x00631B23+1448739]
	Ordinal0 [0x005B5A11+940561]
	Ordinal0 [0x00542293+467603]
	Ordinal0 [0x004DF27E+62078]
	Ordinal0 [0x004DBBBD+48061]
	Ordinal0 [0x004F8D19+167193]
	Ordinal0 [0x004F88ED+166125]
	Ordinal0 [0x004F6FFB+159739]
	Ordinal0 [0x004E09F6+68086]
	Ordinal0 [0x004E1990+72080]
	Ordinal0 [0x004E1929+71977]
	GetHandleVerifier [0x00772E4C+1172140]
	GetHandleVerifier [0x006CFE35+504469]
	GetHandleVerifier [0x006CFBD0+503856]
	Ordinal0 [0x0063C9A8+1493416]
	GetHandleVerifier [0x006D060A+506474]
	Ordinal0 [0x005C7136+1012022]
	Ordinal0 [0x005C6FAF+1011631]
	Ordinal0 [0x005D133B+1053499]
	Ordinal0 [0x005D14A3+1053859]
	Ordinal0 [0x005D04D5+1049813]
	BaseThreadInitThunk [0x778AFA29+25]
	RtlGetAppContainerNamedObjectPath [0x77CD75F4+228]
	RtlGetAppContainerNamedObjectPath [0x77CD75C4+180]

	at TestSelenium.NewTest.beforeTest(NewTest.java:36)
</failure>
    <system-err><![CDATA[Starting ChromeDriver 75.0.3770.90 (a6dcaf7e3ec6f70a194cc25e8149475c6590e025-refs/branch-heads/3770@{#1003}) on port 45795
Only local connections are allowed.
Please protect ports used by ChromeDriver and related test frameworks to prevent access by malicious code.
]]></system-err>
  </testcase>
  <testcase name="f" classname="TestSelenium.NewTest" time="0">
    <skipped/>
  </testcase>
  <testcase name="afterTest" classname="TestSelenium.NewTest" time="0">
    <skipped/>
  </testcase>
</testsuite>